<?xml version="1.0" encoding="UTF-8"?>
<!-- Generated by org.testng.reporters.JUnitReportReporter -->
<testsuite hostname="yanghaibodeMacBook-Air.local" name="com.web.HomworkTestmail" tests="1" failures="0" timestamp="31 Mar 2016 13:56:58 GMT" time="5.341" errors="0">
  <testcase name="login" time="5.341" classname="com.web.HomworkTestmail"/>
</testsuite> <!-- com.web.HomworkTestmail -->
